<?xml version="1.0" encoding="UTF-8"?>
<gresources>
  <gresource prefix="/org/ctk/libctk/theme/Empty">
    <file>ctk.css</file>
  </gresource>
</gresources>
